mode: set
github.com/cyber-mountain-man/statistical-go/examples/main.go:9.13,30.2 17 0
github.com/cyber-mountain-man/statistical-go/statistical.go:13.53,13.79 1 1
github.com/cyber-mountain-man/statistical-go/statistical.go:14.53,14.83 1 1
github.com/cyber-mountain-man/statistical-go/statistical.go:15.53,15.81 1 1
github.com/cyber-mountain-man/statistical-go/statistical.go:16.53,16.81 1 1
github.com/cyber-mountain-man/statistical-go/statistical.go:17.53,17.79 1 1
github.com/cyber-mountain-man/statistical-go/statistical.go:18.53,18.80 1 1
github.com/cyber-mountain-man/statistical-go/statistical.go:19.53,19.78 1 1
github.com/cyber-mountain-man/statistical-go/statistical.go:20.53,20.78 1 1
github.com/cyber-mountain-man/statistical-go/statistical.go:21.60,23.2 1 1
github.com/cyber-mountain-man/statistical-go/statistical.go:24.61,24.92 1 1
github.com/cyber-mountain-man/statistical-go/statistical.go:25.61,25.93 1 1
github.com/cyber-mountain-man/statistical-go/statistical.go:26.61,26.101 1 1
github.com/cyber-mountain-man/statistical-go/statistical.go:27.61,27.91 1 1
github.com/cyber-mountain-man/statistical-go/statistical.go:28.61,28.91 1 1
github.com/cyber-mountain-man/statistical-go/statistical.go:34.63,36.2 1 1
github.com/cyber-mountain-man/statistical-go/statistical.go:38.40,40.2 1 1
github.com/cyber-mountain-man/statistical-go/statistical.go:42.60,44.2 1 1
github.com/cyber-mountain-man/statistical-go/statistical.go:46.66,48.2 1 1
github.com/cyber-mountain-man/statistical-go/statistical.go:50.70,52.2 1 1
github.com/cyber-mountain-man/statistical-go/statistical.go:58.41,60.2 1 1
github.com/cyber-mountain-man/statistical-go/statistical.go:62.53,64.2 1 1
github.com/cyber-mountain-man/statistical-go/probability/basic.go:6.60,7.88 1 1
github.com/cyber-mountain-man/statistical-go/probability/basic.go:7.88,9.3 1 1
github.com/cyber-mountain-man/statistical-go/probability/basic.go:10.2,10.34 1 1
github.com/cyber-mountain-man/statistical-go/probability/basic.go:14.62,15.54 1 1
github.com/cyber-mountain-man/statistical-go/probability/basic.go:15.54,17.3 1 1
github.com/cyber-mountain-man/statistical-go/probability/basic.go:18.2,18.22 1 1
github.com/cyber-mountain-man/statistical-go/probability/basic.go:22.66,23.66 1 1
github.com/cyber-mountain-man/statistical-go/probability/basic.go:23.66,25.3 1 1
github.com/cyber-mountain-man/statistical-go/probability/basic.go:26.2,26.28 1 1
github.com/cyber-mountain-man/statistical-go/probability/basic.go:30.44,31.28 1 1
github.com/cyber-mountain-man/statistical-go/probability/basic.go:31.28,33.3 1 1
github.com/cyber-mountain-man/statistical-go/probability/basic.go:34.2,34.18 1 1
github.com/cyber-mountain-man/statistical-go/probability/basic.go:38.49,39.54 1 1
github.com/cyber-mountain-man/statistical-go/probability/basic.go:39.54,41.3 1 1
github.com/cyber-mountain-man/statistical-go/probability/basic.go:42.2,42.22 1 1
github.com/cyber-mountain-man/statistical-go/probability/basic.go:46.51,47.84 1 1
github.com/cyber-mountain-man/statistical-go/probability/basic.go:47.84,49.3 1 1
github.com/cyber-mountain-man/statistical-go/probability/basic.go:50.2,50.32 1 1
github.com/cyber-mountain-man/statistical-go/probability/conditional.go:7.52,8.29 1 1
github.com/cyber-mountain-man/statistical-go/probability/conditional.go:8.29,10.3 1 1
github.com/cyber-mountain-man/statistical-go/probability/conditional.go:11.2,11.36 1 1
github.com/cyber-mountain-man/statistical-go/probability/conditional.go:11.36,13.3 1 1
github.com/cyber-mountain-man/statistical-go/probability/conditional.go:14.2,14.26 1 1
github.com/cyber-mountain-man/statistical-go/stat/descriptive.go:9.35,10.20 1 1
github.com/cyber-mountain-man/statistical-go/stat/descriptive.go:10.20,12.3 1 1
github.com/cyber-mountain-man/statistical-go/stat/descriptive.go:13.2,14.25 2 1
github.com/cyber-mountain-man/statistical-go/stat/descriptive.go:14.25,16.3 1 1
github.com/cyber-mountain-man/statistical-go/stat/descriptive.go:17.2,17.33 1 1
github.com/cyber-mountain-man/statistical-go/stat/descriptive.go:21.39,22.19 1 1
github.com/cyber-mountain-man/statistical-go/stat/descriptive.go:22.19,24.3 1 1
github.com/cyber-mountain-man/statistical-go/stat/descriptive.go:25.2,27.25 3 1
github.com/cyber-mountain-man/statistical-go/stat/descriptive.go:27.25,30.3 2 1
github.com/cyber-mountain-man/statistical-go/stat/descriptive.go:31.2,31.35 1 1
github.com/cyber-mountain-man/statistical-go/stat/descriptive.go:35.37,37.2 1 1
github.com/cyber-mountain-man/statistical-go/stat/descriptive.go:40.37,42.12 2 1
github.com/cyber-mountain-man/statistical-go/stat/descriptive.go:42.12,44.3 1 1
github.com/cyber-mountain-man/statistical-go/stat/descriptive.go:45.2,48.14 4 1
github.com/cyber-mountain-man/statistical-go/stat/descriptive.go:48.14,50.3 1 1
github.com/cyber-mountain-man/statistical-go/stat/descriptive.go:51.2,51.20 1 1
github.com/cyber-mountain-man/statistical-go/stat/descriptive.go:56.35,57.20 1 1
github.com/cyber-mountain-man/statistical-go/stat/descriptive.go:57.20,59.3 1 1
github.com/cyber-mountain-man/statistical-go/stat/descriptive.go:60.2,61.25 2 1
github.com/cyber-mountain-man/statistical-go/stat/descriptive.go:61.25,63.3 1 1
github.com/cyber-mountain-man/statistical-go/stat/descriptive.go:64.2,66.31 3 1
github.com/cyber-mountain-man/statistical-go/stat/descriptive.go:66.31,67.22 1 1
github.com/cyber-mountain-man/statistical-go/stat/descriptive.go:67.22,70.4 2 1
github.com/cyber-mountain-man/statistical-go/stat/descriptive.go:72.2,72.13 1 1
github.com/cyber-mountain-man/statistical-go/stat/descriptive.go:76.36,79.2 2 1
github.com/cyber-mountain-man/statistical-go/stat/descriptive.go:82.34,83.20 1 1
github.com/cyber-mountain-man/statistical-go/stat/descriptive.go:83.20,85.3 1 1
github.com/cyber-mountain-man/statistical-go/stat/descriptive.go:86.2,87.25 2 1
github.com/cyber-mountain-man/statistical-go/stat/descriptive.go:87.25,88.14 1 1
github.com/cyber-mountain-man/statistical-go/stat/descriptive.go:88.14,90.4 1 1
github.com/cyber-mountain-man/statistical-go/stat/descriptive.go:92.2,92.12 1 1
github.com/cyber-mountain-man/statistical-go/stat/descriptive.go:96.34,97.20 1 1
github.com/cyber-mountain-man/statistical-go/stat/descriptive.go:97.20,99.3 1 1
github.com/cyber-mountain-man/statistical-go/stat/descriptive.go:100.2,101.25 2 1
github.com/cyber-mountain-man/statistical-go/stat/descriptive.go:101.25,102.14 1 1
github.com/cyber-mountain-man/statistical-go/stat/descriptive.go:102.14,104.4 1 1
github.com/cyber-mountain-man/statistical-go/stat/descriptive.go:106.2,106.12 1 1
github.com/cyber-mountain-man/statistical-go/stat/descriptive.go:109.60,111.12 2 1
github.com/cyber-mountain-man/statistical-go/stat/descriptive.go:111.12,113.3 1 1
github.com/cyber-mountain-man/statistical-go/stat/descriptive.go:115.2,123.12 6 1
github.com/cyber-mountain-man/statistical-go/stat/descriptive.go:123.12,125.3 1 1
github.com/cyber-mountain-man/statistical-go/stat/descriptive.go:127.2,127.12 1 1
github.com/cyber-mountain-man/statistical-go/stat/descriptive.go:127.12,132.3 4 1
github.com/cyber-mountain-man/statistical-go/stat/descriptive.go:134.2,134.14 1 1
github.com/cyber-mountain-man/statistical-go/stat/descriptive.go:134.14,137.3 2 1
github.com/cyber-mountain-man/statistical-go/stat/descriptive.go:137.8,140.3 2 1
github.com/cyber-mountain-man/statistical-go/stat/descriptive.go:142.2,142.19 1 1
github.com/cyber-mountain-man/statistical-go/stat/descriptive.go:147.48,148.20 1 1
github.com/cyber-mountain-man/statistical-go/stat/descriptive.go:148.20,150.3 1 1
github.com/cyber-mountain-man/statistical-go/stat/descriptive.go:151.2,152.14 2 1
github.com/cyber-mountain-man/statistical-go/stat/descriptive.go:152.14,154.3 1 1
github.com/cyber-mountain-man/statistical-go/stat/descriptive.go:155.2,155.31 1 1
github.com/cyber-mountain-man/statistical-go/stat/descriptive.go:160.41,162.26 2 1
github.com/cyber-mountain-man/statistical-go/stat/descriptive.go:162.26,164.3 1 1
github.com/cyber-mountain-man/statistical-go/stat/descriptive.go:165.2,168.25 4 1
github.com/cyber-mountain-man/statistical-go/stat/descriptive.go:168.25,170.3 1 1
github.com/cyber-mountain-man/statistical-go/stat/descriptive.go:171.2,171.27 1 1
github.com/cyber-mountain-man/statistical-go/stat/descriptive.go:176.49,177.36 1 1
github.com/cyber-mountain-man/statistical-go/stat/descriptive.go:177.36,179.3 1 1
github.com/cyber-mountain-man/statistical-go/stat/descriptive.go:180.2,182.28 3 1
github.com/cyber-mountain-man/statistical-go/stat/descriptive.go:182.28,184.3 1 1
github.com/cyber-mountain-man/statistical-go/stat/descriptive.go:185.2,185.41 1 1
github.com/cyber-mountain-man/statistical-go/stat/descriptive.go:190.39,192.11 2 1
github.com/cyber-mountain-man/statistical-go/stat/descriptive.go:192.11,194.3 1 1
github.com/cyber-mountain-man/statistical-go/stat/descriptive.go:195.2,197.14 3 1
github.com/cyber-mountain-man/statistical-go/stat/descriptive.go:197.14,199.3 1 1
github.com/cyber-mountain-man/statistical-go/stat/descriptive.go:200.2,201.25 2 1
github.com/cyber-mountain-man/statistical-go/stat/descriptive.go:201.25,203.3 1 1
github.com/cyber-mountain-man/statistical-go/stat/descriptive.go:204.2,204.48 1 1
github.com/cyber-mountain-man/statistical-go/stat/descriptive.go:209.39,211.11 2 1
github.com/cyber-mountain-man/statistical-go/stat/descriptive.go:211.11,213.3 1 1
github.com/cyber-mountain-man/statistical-go/stat/descriptive.go:214.2,216.14 3 1
github.com/cyber-mountain-man/statistical-go/stat/descriptive.go:216.14,218.3 1 1
github.com/cyber-mountain-man/statistical-go/stat/descriptive.go:219.2,220.25 2 1
github.com/cyber-mountain-man/statistical-go/stat/descriptive.go:220.25,222.3 1 1
github.com/cyber-mountain-man/statistical-go/stat/descriptive.go:223.2,226.26 4 1
github.com/cyber-mountain-man/statistical-go/montecarlo/pi.go:8.41,11.34 3 1
github.com/cyber-mountain-man/statistical-go/montecarlo/pi.go:11.34,13.19 2 1
github.com/cyber-mountain-man/statistical-go/montecarlo/pi.go:13.19,15.4 1 1
github.com/cyber-mountain-man/statistical-go/montecarlo/pi.go:17.2,17.52 1 1
github.com/cyber-mountain-man/statistical-go/montecarlo/pi.go:20.57,21.18 1 1
github.com/cyber-mountain-man/statistical-go/montecarlo/pi.go:21.18,23.3 1 1
github.com/cyber-mountain-man/statistical-go/montecarlo/pi.go:25.2,28.31 3 1
github.com/cyber-mountain-man/statistical-go/montecarlo/pi.go:28.31,29.13 1 1
github.com/cyber-mountain-man/statistical-go/montecarlo/pi.go:29.13,31.30 2 1
github.com/cyber-mountain-man/statistical-go/montecarlo/pi.go:31.30,33.21 2 1
github.com/cyber-mountain-man/statistical-go/montecarlo/pi.go:33.21,35.6 1 1
github.com/cyber-mountain-man/statistical-go/montecarlo/pi.go:37.4,37.20 1 1
github.com/cyber-mountain-man/statistical-go/montecarlo/pi.go:41.2,42.31 2 1
github.com/cyber-mountain-man/statistical-go/montecarlo/pi.go:42.31,44.3 1 1
github.com/cyber-mountain-man/statistical-go/montecarlo/pi.go:46.2,46.52 1 1
