mode: set
github.com/cyber-mountain-man/statistical-go/examples/main.go:9.13,30.2 17 0
github.com/cyber-mountain-man/statistical-go/statistical.go:16.49,16.81 1 1
github.com/cyber-mountain-man/statistical-go/statistical.go:17.49,17.79 1 1
github.com/cyber-mountain-man/statistical-go/statistical.go:18.49,18.74 1 1
github.com/cyber-mountain-man/statistical-go/statistical.go:19.49,19.75 1 1
github.com/cyber-mountain-man/statistical-go/statistical.go:20.49,20.77 1 1
github.com/cyber-mountain-man/statistical-go/statistical.go:21.49,21.74 1 1
github.com/cyber-mountain-man/statistical-go/statistical.go:22.49,22.75 1 1
github.com/cyber-mountain-man/statistical-go/statistical.go:23.49,23.89 1 1
github.com/cyber-mountain-man/statistical-go/statistical.go:24.60,26.2 1 1
github.com/cyber-mountain-man/statistical-go/statistical.go:27.42,27.69 1 1
github.com/cyber-mountain-man/statistical-go/statistical.go:28.42,28.72 1 1
github.com/cyber-mountain-man/statistical-go/statistical.go:29.42,29.70 1 1
github.com/cyber-mountain-man/statistical-go/statistical.go:30.42,30.72 1 1
github.com/cyber-mountain-man/statistical-go/statistical.go:31.48,31.79 1 1
github.com/cyber-mountain-man/statistical-go/statistical.go:37.60,39.2 1 1
github.com/cyber-mountain-man/statistical-go/statistical.go:41.40,43.2 1 1
github.com/cyber-mountain-man/statistical-go/statistical.go:45.63,47.2 1 1
github.com/cyber-mountain-man/statistical-go/statistical.go:49.70,51.2 1 1
github.com/cyber-mountain-man/statistical-go/statistical.go:53.66,55.2 1 1
github.com/cyber-mountain-man/statistical-go/statistical.go:61.41,63.2 1 1
github.com/cyber-mountain-man/statistical-go/statistical.go:65.53,67.2 1 1
github.com/cyber-mountain-man/statistical-go/statistical.go:73.47,75.2 1 1
github.com/cyber-mountain-man/statistical-go/statistical.go:77.47,79.2 1 1
github.com/cyber-mountain-man/statistical-go/statistical.go:81.59,83.2 1 1
github.com/cyber-mountain-man/statistical-go/statistical.go:85.49,87.2 1 1
github.com/cyber-mountain-man/statistical-go/statistical.go:89.49,91.2 1 1
github.com/cyber-mountain-man/statistical-go/statistical.go:93.56,95.2 1 1
github.com/cyber-mountain-man/statistical-go/statistical.go:101.85,104.2 2 1
github.com/cyber-mountain-man/statistical-go/statistical.go:106.82,109.2 2 1
github.com/cyber-mountain-man/statistical-go/statistical.go:111.97,114.2 2 1
github.com/cyber-mountain-man/statistical-go/statistical.go:116.91,119.2 2 1
github.com/cyber-mountain-man/statistical-go/statistical.go:121.64,124.2 2 1
github.com/cyber-mountain-man/statistical-go/statistical.go:126.62,129.2 2 1
github.com/cyber-mountain-man/statistical-go/statistical.go:131.97,134.2 2 1
github.com/cyber-mountain-man/statistical-go/statistical.go:136.92,139.2 2 1
github.com/cyber-mountain-man/statistical-go/statistical.go:145.55,147.2 1 1
github.com/cyber-mountain-man/statistical-go/statistical.go:149.42,151.2 1 1
github.com/cyber-mountain-man/statistical-go/statistical.go:153.52,155.2 1 1
github.com/cyber-mountain-man/statistical-go/statistical.go:157.43,159.2 1 1
github.com/cyber-mountain-man/statistical-go/statistical.go:161.65,163.2 1 1
github.com/cyber-mountain-man/statistical-go/statistical.go:165.64,167.2 1 1
github.com/cyber-mountain-man/statistical-go/statistical.go:173.85,175.2 1 1
github.com/cyber-mountain-man/statistical-go/statistical.go:177.98,179.2 1 1
github.com/cyber-mountain-man/statistical-go/montecarlo/pi.go:8.41,11.34 3 1
github.com/cyber-mountain-man/statistical-go/montecarlo/pi.go:11.34,13.19 2 1
github.com/cyber-mountain-man/statistical-go/montecarlo/pi.go:13.19,15.4 1 1
github.com/cyber-mountain-man/statistical-go/montecarlo/pi.go:17.2,17.52 1 1
github.com/cyber-mountain-man/statistical-go/montecarlo/pi.go:20.57,21.18 1 1
github.com/cyber-mountain-man/statistical-go/montecarlo/pi.go:21.18,23.3 1 1
github.com/cyber-mountain-man/statistical-go/montecarlo/pi.go:25.2,28.31 3 1
github.com/cyber-mountain-man/statistical-go/montecarlo/pi.go:28.31,29.13 1 1
github.com/cyber-mountain-man/statistical-go/montecarlo/pi.go:29.13,31.30 2 1
github.com/cyber-mountain-man/statistical-go/montecarlo/pi.go:31.30,33.21 2 1
github.com/cyber-mountain-man/statistical-go/montecarlo/pi.go:33.21,35.6 1 1
github.com/cyber-mountain-man/statistical-go/montecarlo/pi.go:37.4,37.20 1 1
github.com/cyber-mountain-man/statistical-go/montecarlo/pi.go:41.2,42.31 2 1
github.com/cyber-mountain-man/statistical-go/montecarlo/pi.go:42.31,44.3 1 1
github.com/cyber-mountain-man/statistical-go/montecarlo/pi.go:46.2,46.52 1 1
github.com/cyber-mountain-man/statistical-go/hypothesis/anova.go:9.49,10.21 1 1
github.com/cyber-mountain-man/statistical-go/hypothesis/anova.go:10.21,11.53 1 1
github.com/cyber-mountain-man/statistical-go/hypothesis/anova.go:14.2,16.31 3 1
github.com/cyber-mountain-man/statistical-go/hypothesis/anova.go:16.31,17.29 1 1
github.com/cyber-mountain-man/statistical-go/hypothesis/anova.go:17.29,20.4 2 1
github.com/cyber-mountain-man/statistical-go/hypothesis/anova.go:22.2,26.31 3 1
github.com/cyber-mountain-man/statistical-go/hypothesis/anova.go:26.31,30.3 3 1
github.com/cyber-mountain-man/statistical-go/hypothesis/anova.go:33.2,34.31 2 1
github.com/cyber-mountain-man/statistical-go/hypothesis/anova.go:34.31,36.29 2 1
github.com/cyber-mountain-man/statistical-go/hypothesis/anova.go:36.29,38.4 1 1
github.com/cyber-mountain-man/statistical-go/hypothesis/anova.go:41.2,47.14 5 1
github.com/cyber-mountain-man/statistical-go/hypothesis/anova.go:47.14,49.3 1 1
github.com/cyber-mountain-man/statistical-go/hypothesis/anova.go:51.2,54.44 3 1
github.com/cyber-mountain-man/statistical-go/hypothesis/anova.go:57.35,59.27 2 1
github.com/cyber-mountain-man/statistical-go/hypothesis/anova.go:59.27,61.3 1 1
github.com/cyber-mountain-man/statistical-go/hypothesis/anova.go:62.2,62.33 1 1
github.com/cyber-mountain-man/statistical-go/hypothesis/anova.go:67.52,69.26 1 1
github.com/cyber-mountain-man/statistical-go/hypothesis/anova.go:69.26,71.3 1 1
github.com/cyber-mountain-man/statistical-go/hypothesis/anova.go:72.2,73.35 2 1
github.com/cyber-mountain-man/statistical-go/hypothesis/chi2.go:10.70,11.58 1 1
github.com/cyber-mountain-man/statistical-go/hypothesis/chi2.go:11.58,12.97 1 1
github.com/cyber-mountain-man/statistical-go/hypothesis/chi2.go:15.2,17.26 3 1
github.com/cyber-mountain-man/statistical-go/hypothesis/chi2.go:17.26,18.23 1 1
github.com/cyber-mountain-man/statistical-go/hypothesis/chi2.go:18.23,19.69 1 1
github.com/cyber-mountain-man/statistical-go/hypothesis/chi2.go:21.3,22.38 2 1
github.com/cyber-mountain-man/statistical-go/hypothesis/chi2.go:25.2,26.47 2 1
github.com/cyber-mountain-man/statistical-go/hypothesis/chi2.go:30.64,32.17 2 1
github.com/cyber-mountain-man/statistical-go/hypothesis/chi2.go:32.17,33.72 1 1
github.com/cyber-mountain-man/statistical-go/hypothesis/chi2.go:35.2,36.17 2 1
github.com/cyber-mountain-man/statistical-go/hypothesis/chi2.go:36.17,37.75 1 1
github.com/cyber-mountain-man/statistical-go/hypothesis/chi2.go:40.2,44.31 4 1
github.com/cyber-mountain-man/statistical-go/hypothesis/chi2.go:44.31,45.31 1 1
github.com/cyber-mountain-man/statistical-go/hypothesis/chi2.go:45.31,46.84 1 1
github.com/cyber-mountain-man/statistical-go/hypothesis/chi2.go:48.3,48.32 1 1
github.com/cyber-mountain-man/statistical-go/hypothesis/chi2.go:48.32,50.15 2 1
github.com/cyber-mountain-man/statistical-go/hypothesis/chi2.go:50.15,51.67 1 1
github.com/cyber-mountain-man/statistical-go/hypothesis/chi2.go:53.4,55.16 3 1
github.com/cyber-mountain-man/statistical-go/hypothesis/chi2.go:59.2,59.25 1 1
github.com/cyber-mountain-man/statistical-go/hypothesis/chi2.go:59.25,60.22 1 1
github.com/cyber-mountain-man/statistical-go/hypothesis/chi2.go:60.22,61.59 1 1
github.com/cyber-mountain-man/statistical-go/hypothesis/chi2.go:64.2,64.25 1 1
github.com/cyber-mountain-man/statistical-go/hypothesis/chi2.go:64.25,65.22 1 1
github.com/cyber-mountain-man/statistical-go/hypothesis/chi2.go:65.22,66.62 1 1
github.com/cyber-mountain-man/statistical-go/hypothesis/chi2.go:70.2,71.31 2 1
github.com/cyber-mountain-man/statistical-go/hypothesis/chi2.go:71.31,72.32 1 1
github.com/cyber-mountain-man/statistical-go/hypothesis/chi2.go:72.32,76.4 3 1
github.com/cyber-mountain-man/statistical-go/hypothesis/chi2.go:79.2,81.47 3 1
github.com/cyber-mountain-man/statistical-go/hypothesis/chi2.go:86.41,89.2 1 1
github.com/cyber-mountain-man/statistical-go/hypothesis/chi2.go:92.49,97.31 5 1
github.com/cyber-mountain-man/statistical-go/hypothesis/chi2.go:97.31,100.21 3 1
github.com/cyber-mountain-man/statistical-go/hypothesis/chi2.go:100.21,101.9 1 1
github.com/cyber-mountain-man/statistical-go/hypothesis/chi2.go:104.2,104.44 1 1
github.com/cyber-mountain-man/statistical-go/hypothesis/chi2.go:108.31,116.13 3 1
github.com/cyber-mountain-man/statistical-go/hypothesis/chi2.go:116.13,119.3 1 1
github.com/cyber-mountain-man/statistical-go/hypothesis/chi2.go:120.2,122.30 3 1
github.com/cyber-mountain-man/statistical-go/hypothesis/chi2.go:122.30,124.3 1 1
github.com/cyber-mountain-man/statistical-go/hypothesis/chi2.go:125.2,126.69 2 1
github.com/cyber-mountain-man/statistical-go/hypothesis/ttest.go:8.89,9.33 1 1
github.com/cyber-mountain-man/statistical-go/hypothesis/ttest.go:9.33,10.85 1 1
github.com/cyber-mountain-man/statistical-go/hypothesis/ttest.go:12.2,16.44 5 1
github.com/cyber-mountain-man/statistical-go/hypothesis/ttest.go:20.89,21.56 1 1
github.com/cyber-mountain-man/statistical-go/hypothesis/ttest.go:21.56,22.85 1 1
github.com/cyber-mountain-man/statistical-go/hypothesis/ttest.go:24.2,32.44 6 1
github.com/cyber-mountain-man/statistical-go/hypothesis/ttest.go:36.45,37.22 1 1
github.com/cyber-mountain-man/statistical-go/hypothesis/ttest.go:37.22,38.57 1 1
github.com/cyber-mountain-man/statistical-go/hypothesis/ttest.go:40.2,41.11 2 1
github.com/cyber-mountain-man/statistical-go/hypothesis/ttest.go:41.11,42.60 1 1
github.com/cyber-mountain-man/statistical-go/hypothesis/ttest.go:45.2,46.25 2 1
github.com/cyber-mountain-man/statistical-go/hypothesis/ttest.go:46.25,50.3 3 1
github.com/cyber-mountain-man/statistical-go/hypothesis/ttest.go:52.2,60.44 8 1
github.com/cyber-mountain-man/statistical-go/hypothesis/ttest.go:67.41,73.2 2 1
github.com/cyber-mountain-man/statistical-go/hypothesis/ttest.go:76.43,78.2 1 1
github.com/cyber-mountain-man/statistical-go/hypothesis/ztest.go:8.93,9.27 1 1
github.com/cyber-mountain-man/statistical-go/hypothesis/ztest.go:9.27,10.69 1 1
github.com/cyber-mountain-man/statistical-go/hypothesis/ztest.go:12.2,12.12 1 1
github.com/cyber-mountain-man/statistical-go/hypothesis/ztest.go:12.12,13.51 1 1
github.com/cyber-mountain-man/statistical-go/hypothesis/ztest.go:15.2,18.44 4 1
github.com/cyber-mountain-man/statistical-go/hypothesis/ztest.go:22.84,23.34 1 1
github.com/cyber-mountain-man/statistical-go/hypothesis/ztest.go:23.34,24.75 1 1
github.com/cyber-mountain-man/statistical-go/hypothesis/ztest.go:26.2,26.24 1 1
github.com/cyber-mountain-man/statistical-go/hypothesis/ztest.go:26.24,27.52 1 1
github.com/cyber-mountain-man/statistical-go/hypothesis/ztest.go:29.2,32.44 4 1
github.com/cyber-mountain-man/statistical-go/hypothesis/ztest.go:38.49,40.2 1 1
github.com/cyber-mountain-man/statistical-go/stat/descriptive.go:9.35,10.20 1 1
github.com/cyber-mountain-man/statistical-go/stat/descriptive.go:10.20,12.3 1 1
github.com/cyber-mountain-man/statistical-go/stat/descriptive.go:13.2,14.25 2 1
github.com/cyber-mountain-man/statistical-go/stat/descriptive.go:14.25,16.3 1 1
github.com/cyber-mountain-man/statistical-go/stat/descriptive.go:17.2,17.33 1 1
github.com/cyber-mountain-man/statistical-go/stat/descriptive.go:21.39,22.19 1 1
github.com/cyber-mountain-man/statistical-go/stat/descriptive.go:22.19,24.3 1 1
github.com/cyber-mountain-man/statistical-go/stat/descriptive.go:25.2,27.25 3 1
github.com/cyber-mountain-man/statistical-go/stat/descriptive.go:27.25,30.3 2 1
github.com/cyber-mountain-man/statistical-go/stat/descriptive.go:31.2,31.35 1 1
github.com/cyber-mountain-man/statistical-go/stat/descriptive.go:35.37,37.2 1 1
github.com/cyber-mountain-man/statistical-go/stat/descriptive.go:40.37,42.12 2 1
github.com/cyber-mountain-man/statistical-go/stat/descriptive.go:42.12,44.3 1 1
github.com/cyber-mountain-man/statistical-go/stat/descriptive.go:45.2,48.14 4 1
github.com/cyber-mountain-man/statistical-go/stat/descriptive.go:48.14,50.3 1 1
github.com/cyber-mountain-man/statistical-go/stat/descriptive.go:51.2,51.20 1 1
github.com/cyber-mountain-man/statistical-go/stat/descriptive.go:56.35,57.20 1 1
github.com/cyber-mountain-man/statistical-go/stat/descriptive.go:57.20,59.3 1 1
github.com/cyber-mountain-man/statistical-go/stat/descriptive.go:60.2,61.25 2 1
github.com/cyber-mountain-man/statistical-go/stat/descriptive.go:61.25,63.3 1 1
github.com/cyber-mountain-man/statistical-go/stat/descriptive.go:64.2,66.31 3 1
github.com/cyber-mountain-man/statistical-go/stat/descriptive.go:66.31,67.22 1 1
github.com/cyber-mountain-man/statistical-go/stat/descriptive.go:67.22,70.4 2 1
github.com/cyber-mountain-man/statistical-go/stat/descriptive.go:72.2,72.13 1 1
github.com/cyber-mountain-man/statistical-go/stat/descriptive.go:76.36,79.2 2 1
github.com/cyber-mountain-man/statistical-go/stat/descriptive.go:82.34,83.20 1 1
github.com/cyber-mountain-man/statistical-go/stat/descriptive.go:83.20,85.3 1 1
github.com/cyber-mountain-man/statistical-go/stat/descriptive.go:86.2,87.25 2 1
github.com/cyber-mountain-man/statistical-go/stat/descriptive.go:87.25,88.14 1 1
github.com/cyber-mountain-man/statistical-go/stat/descriptive.go:88.14,90.4 1 1
github.com/cyber-mountain-man/statistical-go/stat/descriptive.go:92.2,92.12 1 1
github.com/cyber-mountain-man/statistical-go/stat/descriptive.go:96.34,97.20 1 1
github.com/cyber-mountain-man/statistical-go/stat/descriptive.go:97.20,99.3 1 1
github.com/cyber-mountain-man/statistical-go/stat/descriptive.go:100.2,101.25 2 1
github.com/cyber-mountain-man/statistical-go/stat/descriptive.go:101.25,102.14 1 1
github.com/cyber-mountain-man/statistical-go/stat/descriptive.go:102.14,104.4 1 1
github.com/cyber-mountain-man/statistical-go/stat/descriptive.go:106.2,106.12 1 1
github.com/cyber-mountain-man/statistical-go/stat/descriptive.go:109.60,111.12 2 1
github.com/cyber-mountain-man/statistical-go/stat/descriptive.go:111.12,113.3 1 1
github.com/cyber-mountain-man/statistical-go/stat/descriptive.go:115.2,123.12 6 1
github.com/cyber-mountain-man/statistical-go/stat/descriptive.go:123.12,125.3 1 1
github.com/cyber-mountain-man/statistical-go/stat/descriptive.go:127.2,127.12 1 1
github.com/cyber-mountain-man/statistical-go/stat/descriptive.go:127.12,132.3 4 1
github.com/cyber-mountain-man/statistical-go/stat/descriptive.go:134.2,134.14 1 1
github.com/cyber-mountain-man/statistical-go/stat/descriptive.go:134.14,137.3 2 1
github.com/cyber-mountain-man/statistical-go/stat/descriptive.go:137.8,140.3 2 1
github.com/cyber-mountain-man/statistical-go/stat/descriptive.go:142.2,142.19 1 1
github.com/cyber-mountain-man/statistical-go/stat/descriptive.go:147.48,148.20 1 1
github.com/cyber-mountain-man/statistical-go/stat/descriptive.go:148.20,150.3 1 1
github.com/cyber-mountain-man/statistical-go/stat/descriptive.go:151.2,152.14 2 1
github.com/cyber-mountain-man/statistical-go/stat/descriptive.go:152.14,154.3 1 1
github.com/cyber-mountain-man/statistical-go/stat/descriptive.go:155.2,155.31 1 1
github.com/cyber-mountain-man/statistical-go/stat/descriptive.go:160.41,162.26 2 1
github.com/cyber-mountain-man/statistical-go/stat/descriptive.go:162.26,164.3 1 1
github.com/cyber-mountain-man/statistical-go/stat/descriptive.go:165.2,168.25 4 1
github.com/cyber-mountain-man/statistical-go/stat/descriptive.go:168.25,170.3 1 1
github.com/cyber-mountain-man/statistical-go/stat/descriptive.go:171.2,171.27 1 1
github.com/cyber-mountain-man/statistical-go/stat/descriptive.go:176.49,177.36 1 1
github.com/cyber-mountain-man/statistical-go/stat/descriptive.go:177.36,179.3 1 1
github.com/cyber-mountain-man/statistical-go/stat/descriptive.go:180.2,182.28 3 1
github.com/cyber-mountain-man/statistical-go/stat/descriptive.go:182.28,184.3 1 1
github.com/cyber-mountain-man/statistical-go/stat/descriptive.go:185.2,185.41 1 1
github.com/cyber-mountain-man/statistical-go/stat/descriptive.go:190.39,192.11 2 1
github.com/cyber-mountain-man/statistical-go/stat/descriptive.go:192.11,194.3 1 1
github.com/cyber-mountain-man/statistical-go/stat/descriptive.go:195.2,197.14 3 1
github.com/cyber-mountain-man/statistical-go/stat/descriptive.go:197.14,199.3 1 1
github.com/cyber-mountain-man/statistical-go/stat/descriptive.go:200.2,201.25 2 1
github.com/cyber-mountain-man/statistical-go/stat/descriptive.go:201.25,203.3 1 1
github.com/cyber-mountain-man/statistical-go/stat/descriptive.go:204.2,204.48 1 1
github.com/cyber-mountain-man/statistical-go/stat/descriptive.go:209.39,211.11 2 1
github.com/cyber-mountain-man/statistical-go/stat/descriptive.go:211.11,213.3 1 1
github.com/cyber-mountain-man/statistical-go/stat/descriptive.go:214.2,216.14 3 1
github.com/cyber-mountain-man/statistical-go/stat/descriptive.go:216.14,218.3 1 1
github.com/cyber-mountain-man/statistical-go/stat/descriptive.go:219.2,220.25 2 1
github.com/cyber-mountain-man/statistical-go/stat/descriptive.go:220.25,222.3 1 1
github.com/cyber-mountain-man/statistical-go/stat/descriptive.go:223.2,226.26 4 1
github.com/cyber-mountain-man/statistical-go/regression/linear.go:7.80,8.37 1 1
github.com/cyber-mountain-man/statistical-go/regression/linear.go:8.37,10.3 1 1
github.com/cyber-mountain-man/statistical-go/regression/linear.go:12.2,13.40 2 1
github.com/cyber-mountain-man/statistical-go/regression/linear.go:13.40,15.3 1 1
github.com/cyber-mountain-man/statistical-go/regression/linear.go:17.2,18.8 2 1
github.com/cyber-mountain-man/statistical-go/regression/linear.go:22.45,23.37 1 1
github.com/cyber-mountain-man/statistical-go/regression/linear.go:23.37,25.3 1 1
github.com/cyber-mountain-man/statistical-go/regression/linear.go:27.2,30.30 3 1
github.com/cyber-mountain-man/statistical-go/regression/linear.go:30.30,35.3 4 1
github.com/cyber-mountain-man/statistical-go/regression/linear.go:37.2,38.22 2 1
github.com/cyber-mountain-man/statistical-go/regression/linear.go:38.22,40.3 1 1
github.com/cyber-mountain-man/statistical-go/regression/linear.go:42.2,42.44 1 1
github.com/cyber-mountain-man/statistical-go/regression/linear.go:46.64,47.37 1 1
github.com/cyber-mountain-man/statistical-go/regression/linear.go:47.37,49.3 1 1
github.com/cyber-mountain-man/statistical-go/regression/linear.go:51.2,52.30 2 1
github.com/cyber-mountain-man/statistical-go/regression/linear.go:52.30,55.3 2 1
github.com/cyber-mountain-man/statistical-go/regression/linear.go:57.2,58.32 2 1
github.com/cyber-mountain-man/statistical-go/regression/linear.go:62.68,64.2 1 1
github.com/cyber-mountain-man/statistical-go/regression/linear.go:68.42,71.23 3 1
github.com/cyber-mountain-man/statistical-go/regression/linear.go:71.23,74.3 2 1
github.com/cyber-mountain-man/statistical-go/regression/linear.go:75.2,75.31 1 1
github.com/cyber-mountain-man/statistical-go/regression/linear.go:79.55,80.49 1 1
github.com/cyber-mountain-man/statistical-go/regression/linear.go:80.49,82.3 1 1
github.com/cyber-mountain-man/statistical-go/regression/linear.go:84.2,85.23 2 1
github.com/cyber-mountain-man/statistical-go/regression/linear.go:85.23,88.3 2 1
github.com/cyber-mountain-man/statistical-go/regression/linear.go:90.2,90.34 1 1
github.com/cyber-mountain-man/statistical-go/regression/linear.go:94.59,95.49 1 1
github.com/cyber-mountain-man/statistical-go/regression/linear.go:95.49,97.3 1 1
github.com/cyber-mountain-man/statistical-go/regression/linear.go:98.2,99.23 2 1
github.com/cyber-mountain-man/statistical-go/regression/linear.go:103.55,108.19 3 1
github.com/cyber-mountain-man/statistical-go/regression/linear.go:108.19,110.3 1 1
github.com/cyber-mountain-man/statistical-go/regression/linear.go:112.2,112.35 1 1
github.com/cyber-mountain-man/statistical-go/regression/linear.go:117.65,118.37 1 1
github.com/cyber-mountain-man/statistical-go/regression/linear.go:118.37,120.3 1 1
github.com/cyber-mountain-man/statistical-go/regression/linear.go:122.2,124.24 3 1
github.com/cyber-mountain-man/statistical-go/regression/linear.go:124.24,126.3 1 1
github.com/cyber-mountain-man/statistical-go/regression/linear.go:127.2,129.19 2 1
github.com/cyber-mountain-man/statistical-go/regression/linear.go:129.19,133.3 3 1
github.com/cyber-mountain-man/statistical-go/regression/linear.go:135.2,135.18 1 1
github.com/cyber-mountain-man/statistical-go/regression/linear.go:135.18,137.3 1 1
github.com/cyber-mountain-man/statistical-go/regression/linear.go:139.2,139.35 1 1
github.com/cyber-mountain-man/statistical-go/regression/multiple.go:11.78,13.27 2 1
github.com/cyber-mountain-man/statistical-go/regression/multiple.go:13.27,15.3 1 1
github.com/cyber-mountain-man/statistical-go/regression/multiple.go:18.2,19.25 2 1
github.com/cyber-mountain-man/statistical-go/regression/multiple.go:19.25,21.3 1 1
github.com/cyber-mountain-man/statistical-go/regression/multiple.go:23.2,26.16 4 1
github.com/cyber-mountain-man/statistical-go/regression/multiple.go:26.16,28.3 1 1
github.com/cyber-mountain-man/statistical-go/regression/multiple.go:30.2,32.18 3 1
github.com/cyber-mountain-man/statistical-go/regression/multiple.go:36.59,38.30 2 1
github.com/cyber-mountain-man/statistical-go/regression/multiple.go:38.30,40.3 1 1
github.com/cyber-mountain-man/statistical-go/regression/multiple.go:41.2,41.10 1 1
github.com/cyber-mountain-man/statistical-go/regression/multiple.go:47.43,51.24 4 1
github.com/cyber-mountain-man/statistical-go/regression/multiple.go:51.24,53.29 2 1
github.com/cyber-mountain-man/statistical-go/regression/multiple.go:53.29,55.4 1 1
github.com/cyber-mountain-man/statistical-go/regression/multiple.go:57.2,57.15 1 1
github.com/cyber-mountain-man/statistical-go/regression/multiple.go:61.43,66.24 5 1
github.com/cyber-mountain-man/statistical-go/regression/multiple.go:66.24,68.26 2 1
github.com/cyber-mountain-man/statistical-go/regression/multiple.go:68.26,70.27 2 1
github.com/cyber-mountain-man/statistical-go/regression/multiple.go:70.27,72.5 1 1
github.com/cyber-mountain-man/statistical-go/regression/multiple.go:73.4,73.22 1 1
github.com/cyber-mountain-man/statistical-go/regression/multiple.go:76.2,76.15 1 1
github.com/cyber-mountain-man/statistical-go/regression/multiple.go:80.54,84.25 4 1
github.com/cyber-mountain-man/statistical-go/regression/multiple.go:84.25,86.26 2 1
github.com/cyber-mountain-man/statistical-go/regression/multiple.go:86.26,88.4 1 1
github.com/cyber-mountain-man/statistical-go/regression/multiple.go:89.3,89.18 1 1
github.com/cyber-mountain-man/statistical-go/regression/multiple.go:91.2,91.15 1 1
github.com/cyber-mountain-man/statistical-go/regression/multiple.go:95.53,99.21 3 1
github.com/cyber-mountain-man/statistical-go/regression/multiple.go:99.21,101.26 2 1
github.com/cyber-mountain-man/statistical-go/regression/multiple.go:101.26,103.4 1 1
github.com/cyber-mountain-man/statistical-go/regression/multiple.go:104.3,104.18 1 1
github.com/cyber-mountain-man/statistical-go/regression/multiple.go:108.2,108.25 1 1
github.com/cyber-mountain-man/statistical-go/regression/multiple.go:108.25,110.17 2 1
github.com/cyber-mountain-man/statistical-go/regression/multiple.go:110.17,112.4 1 1
github.com/cyber-mountain-man/statistical-go/regression/multiple.go:113.3,113.28 1 1
github.com/cyber-mountain-man/statistical-go/regression/multiple.go:113.28,115.4 1 1
github.com/cyber-mountain-man/statistical-go/regression/multiple.go:116.3,116.26 1 1
github.com/cyber-mountain-man/statistical-go/regression/multiple.go:116.26,117.14 1 1
github.com/cyber-mountain-man/statistical-go/regression/multiple.go:117.14,119.30 2 1
github.com/cyber-mountain-man/statistical-go/regression/multiple.go:119.30,121.6 1 1
github.com/cyber-mountain-man/statistical-go/regression/multiple.go:127.2,128.21 2 1
github.com/cyber-mountain-man/statistical-go/regression/multiple.go:128.21,130.26 2 1
github.com/cyber-mountain-man/statistical-go/regression/multiple.go:130.26,132.4 1 1
github.com/cyber-mountain-man/statistical-go/regression/multiple.go:134.2,134.17 1 1
github.com/cyber-mountain-man/statistical-go/regression/models/lasso.go:8.98,10.27 2 1
github.com/cyber-mountain-man/statistical-go/regression/models/lasso.go:10.27,12.3 1 1
github.com/cyber-mountain-man/statistical-go/regression/models/lasso.go:14.2,23.40 5 1
github.com/cyber-mountain-man/statistical-go/regression/models/lasso.go:23.40,24.26 1 1
github.com/cyber-mountain-man/statistical-go/regression/models/lasso.go:24.26,26.27 2 1
github.com/cyber-mountain-man/statistical-go/regression/models/lasso.go:26.27,28.28 2 1
github.com/cyber-mountain-man/statistical-go/regression/models/lasso.go:28.28,29.16 1 1
github.com/cyber-mountain-man/statistical-go/regression/models/lasso.go:29.16,31.7 1 1
github.com/cyber-mountain-man/statistical-go/regression/models/lasso.go:33.5,33.51 1 1
github.com/cyber-mountain-man/statistical-go/regression/models/lasso.go:36.4,37.27 2 1
github.com/cyber-mountain-man/statistical-go/regression/models/lasso.go:37.27,39.5 1 1
github.com/cyber-mountain-man/statistical-go/regression/models/lasso.go:41.4,41.23 1 1
github.com/cyber-mountain-man/statistical-go/regression/models/lasso.go:41.23,43.5 1 1
github.com/cyber-mountain-man/statistical-go/regression/models/lasso.go:43.10,43.29 1 1
github.com/cyber-mountain-man/statistical-go/regression/models/lasso.go:43.29,45.5 1 1
github.com/cyber-mountain-man/statistical-go/regression/models/lasso.go:45.10,47.5 1 1
github.com/cyber-mountain-man/statistical-go/regression/models/lasso.go:52.2,53.25 2 1
github.com/cyber-mountain-man/statistical-go/regression/models/lasso.go:53.25,55.3 1 1
github.com/cyber-mountain-man/statistical-go/regression/models/lasso.go:57.2,57.51 1 1
github.com/cyber-mountain-man/statistical-go/regression/models/lasso.go:62.53,65.24 3 1
github.com/cyber-mountain-man/statistical-go/regression/models/lasso.go:65.24,67.3 1 1
github.com/cyber-mountain-man/statistical-go/regression/models/lasso.go:68.2,71.19 3 1
github.com/cyber-mountain-man/statistical-go/regression/models/lasso.go:71.19,73.3 1 1
github.com/cyber-mountain-man/statistical-go/regression/models/lasso.go:74.2,74.23 1 1
github.com/cyber-mountain-man/statistical-go/regression/models/lasso.go:77.60,81.25 4 1
github.com/cyber-mountain-man/statistical-go/regression/models/lasso.go:81.25,83.26 2 1
github.com/cyber-mountain-man/statistical-go/regression/models/lasso.go:83.26,85.4 1 1
github.com/cyber-mountain-man/statistical-go/regression/models/lasso.go:86.3,86.30 1 1
github.com/cyber-mountain-man/statistical-go/regression/models/lasso.go:89.2,90.25 2 1
github.com/cyber-mountain-man/statistical-go/regression/models/lasso.go:90.25,92.26 2 1
github.com/cyber-mountain-man/statistical-go/regression/models/lasso.go:92.26,94.4 1 1
github.com/cyber-mountain-man/statistical-go/regression/models/lasso.go:96.2,96.25 1 1
github.com/cyber-mountain-man/statistical-go/regression/models/ridge.go:9.85,11.27 2 1
github.com/cyber-mountain-man/statistical-go/regression/models/ridge.go:11.27,13.3 1 1
github.com/cyber-mountain-man/statistical-go/regression/models/ridge.go:15.2,19.25 3 1
github.com/cyber-mountain-man/statistical-go/regression/models/ridge.go:19.25,20.26 1 1
github.com/cyber-mountain-man/statistical-go/regression/models/ridge.go:20.26,22.4 1 1
github.com/cyber-mountain-man/statistical-go/regression/models/ridge.go:23.3,23.32 1 1
github.com/cyber-mountain-man/statistical-go/regression/models/ridge.go:27.2,28.25 2 1
github.com/cyber-mountain-man/statistical-go/regression/models/ridge.go:28.25,30.26 2 1
github.com/cyber-mountain-man/statistical-go/regression/models/ridge.go:30.26,32.4 1 1
github.com/cyber-mountain-man/statistical-go/regression/models/ridge.go:36.2,37.24 2 1
github.com/cyber-mountain-man/statistical-go/regression/models/ridge.go:37.24,39.3 1 1
github.com/cyber-mountain-man/statistical-go/regression/models/ridge.go:40.2,44.25 3 1
github.com/cyber-mountain-man/statistical-go/regression/models/ridge.go:44.25,46.3 1 1
github.com/cyber-mountain-man/statistical-go/regression/models/ridge.go:49.2,50.25 2 1
github.com/cyber-mountain-man/statistical-go/regression/models/ridge.go:50.25,52.3 1 1
github.com/cyber-mountain-man/statistical-go/regression/models/ridge.go:55.2,59.32 3 1
github.com/cyber-mountain-man/statistical-go/regression/models/ridge.go:59.32,61.3 1 1
github.com/cyber-mountain-man/statistical-go/regression/models/ridge.go:64.2,68.16 3 1
github.com/cyber-mountain-man/statistical-go/regression/models/ridge.go:68.16,70.3 1 1
github.com/cyber-mountain-man/statistical-go/regression/models/ridge.go:72.2,76.25 3 1
github.com/cyber-mountain-man/statistical-go/regression/models/ridge.go:76.25,78.3 1 1
github.com/cyber-mountain-man/statistical-go/regression/models/ridge.go:79.2,81.26 2 1
github.com/cyber-mountain-man/statistical-go/regression/models/ridge.go:84.43,88.24 4 1
github.com/cyber-mountain-man/statistical-go/regression/models/ridge.go:88.24,90.29 2 1
github.com/cyber-mountain-man/statistical-go/regression/models/ridge.go:90.29,92.4 1 1
github.com/cyber-mountain-man/statistical-go/regression/models/ridge.go:94.2,94.15 1 1
github.com/cyber-mountain-man/statistical-go/regression/models/ridge.go:97.43,102.24 5 1
github.com/cyber-mountain-man/statistical-go/regression/models/ridge.go:102.24,104.26 2 1
github.com/cyber-mountain-man/statistical-go/regression/models/ridge.go:104.26,106.27 2 1
github.com/cyber-mountain-man/statistical-go/regression/models/ridge.go:106.27,108.5 1 1
github.com/cyber-mountain-man/statistical-go/regression/models/ridge.go:109.4,109.22 1 1
github.com/cyber-mountain-man/statistical-go/regression/models/ridge.go:112.2,112.15 1 1
github.com/cyber-mountain-man/statistical-go/regression/models/ridge.go:115.54,118.25 3 1
github.com/cyber-mountain-man/statistical-go/regression/models/ridge.go:118.25,119.20 1 1
github.com/cyber-mountain-man/statistical-go/regression/models/ridge.go:119.20,121.4 1 1
github.com/cyber-mountain-man/statistical-go/regression/models/ridge.go:123.2,123.15 1 1
github.com/cyber-mountain-man/statistical-go/regression/models/ridge.go:126.53,129.21 3 1
github.com/cyber-mountain-man/statistical-go/regression/models/ridge.go:129.21,131.26 2 1
github.com/cyber-mountain-man/statistical-go/regression/models/ridge.go:131.26,133.4 1 1
github.com/cyber-mountain-man/statistical-go/regression/models/ridge.go:134.3,134.18 1 1
github.com/cyber-mountain-man/statistical-go/regression/models/ridge.go:137.2,137.25 1 1
github.com/cyber-mountain-man/statistical-go/regression/models/ridge.go:137.25,139.17 2 1
github.com/cyber-mountain-man/statistical-go/regression/models/ridge.go:139.17,141.4 1 1
github.com/cyber-mountain-man/statistical-go/regression/models/ridge.go:142.3,142.28 1 1
github.com/cyber-mountain-man/statistical-go/regression/models/ridge.go:142.28,144.4 1 1
github.com/cyber-mountain-man/statistical-go/regression/models/ridge.go:145.3,145.26 1 1
github.com/cyber-mountain-man/statistical-go/regression/models/ridge.go:145.26,146.14 1 1
github.com/cyber-mountain-man/statistical-go/regression/models/ridge.go:146.14,148.30 2 1
github.com/cyber-mountain-man/statistical-go/regression/models/ridge.go:148.30,150.6 1 1
github.com/cyber-mountain-man/statistical-go/regression/models/ridge.go:155.2,156.21 2 1
github.com/cyber-mountain-man/statistical-go/regression/models/ridge.go:156.21,158.26 2 1
github.com/cyber-mountain-man/statistical-go/regression/models/ridge.go:158.26,160.4 1 1
github.com/cyber-mountain-man/statistical-go/regression/models/ridge.go:162.2,162.17 1 1
github.com/cyber-mountain-man/statistical-go/probability/NormalInverseCDF.go:8.56,9.17 1 1
github.com/cyber-mountain-man/statistical-go/probability/NormalInverseCDF.go:9.17,10.65 1 1
github.com/cyber-mountain-man/statistical-go/probability/NormalInverseCDF.go:12.2,12.50 1 1
github.com/cyber-mountain-man/statistical-go/probability/NormalInverseCDF.go:17.50,18.22 1 1
github.com/cyber-mountain-man/statistical-go/probability/NormalInverseCDF.go:18.22,19.56 1 1
github.com/cyber-mountain-man/statistical-go/probability/NormalInverseCDF.go:23.2,38.9 7 1
github.com/cyber-mountain-man/statistical-go/probability/NormalInverseCDF.go:39.16,42.43 2 1
github.com/cyber-mountain-man/statistical-go/probability/NormalInverseCDF.go:43.17,46.43 2 1
github.com/cyber-mountain-man/statistical-go/probability/NormalInverseCDF.go:47.10,51.52 3 1
github.com/cyber-mountain-man/statistical-go/probability/basic.go:6.60,7.88 1 1
github.com/cyber-mountain-man/statistical-go/probability/basic.go:7.88,9.3 1 1
github.com/cyber-mountain-man/statistical-go/probability/basic.go:10.2,10.34 1 1
github.com/cyber-mountain-man/statistical-go/probability/basic.go:14.62,15.54 1 1
github.com/cyber-mountain-man/statistical-go/probability/basic.go:15.54,17.3 1 1
github.com/cyber-mountain-man/statistical-go/probability/basic.go:18.2,18.22 1 1
github.com/cyber-mountain-man/statistical-go/probability/basic.go:22.66,23.66 1 1
github.com/cyber-mountain-man/statistical-go/probability/basic.go:23.66,25.3 1 1
github.com/cyber-mountain-man/statistical-go/probability/basic.go:26.2,26.28 1 1
github.com/cyber-mountain-man/statistical-go/probability/basic.go:30.44,31.28 1 1
github.com/cyber-mountain-man/statistical-go/probability/basic.go:31.28,33.3 1 1
github.com/cyber-mountain-man/statistical-go/probability/basic.go:34.2,34.18 1 1
github.com/cyber-mountain-man/statistical-go/probability/basic.go:38.49,39.54 1 1
github.com/cyber-mountain-man/statistical-go/probability/basic.go:39.54,41.3 1 1
github.com/cyber-mountain-man/statistical-go/probability/basic.go:42.2,42.22 1 1
github.com/cyber-mountain-man/statistical-go/probability/basic.go:46.51,47.84 1 1
github.com/cyber-mountain-man/statistical-go/probability/basic.go:47.84,49.3 1 1
github.com/cyber-mountain-man/statistical-go/probability/basic.go:50.2,50.32 1 1
github.com/cyber-mountain-man/statistical-go/probability/binomial.go:10.47,11.47 1 1
github.com/cyber-mountain-man/statistical-go/probability/binomial.go:11.47,13.3 1 1
github.com/cyber-mountain-man/statistical-go/probability/binomial.go:14.2,15.69 2 1
github.com/cyber-mountain-man/statistical-go/probability/binomial.go:20.47,21.47 1 1
github.com/cyber-mountain-man/statistical-go/probability/binomial.go:21.47,23.3 1 1
github.com/cyber-mountain-man/statistical-go/probability/binomial.go:24.2,25.26 2 1
github.com/cyber-mountain-man/statistical-go/probability/binomial.go:25.26,27.3 1 1
github.com/cyber-mountain-man/statistical-go/probability/binomial.go:28.2,28.12 1 1
github.com/cyber-mountain-man/statistical-go/probability/binomial.go:35.62,37.59 1 1
github.com/cyber-mountain-man/statistical-go/probability/binomial.go:37.59,39.3 1 1
github.com/cyber-mountain-man/statistical-go/probability/binomial.go:41.2,42.26 2 1
github.com/cyber-mountain-man/statistical-go/probability/binomial.go:42.26,44.28 2 1
github.com/cyber-mountain-man/statistical-go/probability/binomial.go:44.28,46.4 1 1
github.com/cyber-mountain-man/statistical-go/probability/binomial.go:48.2,48.10 1 1
github.com/cyber-mountain-man/statistical-go/probability/binomial.go:53.44,54.13 1 1
github.com/cyber-mountain-man/statistical-go/probability/binomial.go:54.13,56.3 1 1
github.com/cyber-mountain-man/statistical-go/probability/binomial.go:57.2,58.25 2 1
github.com/cyber-mountain-man/statistical-go/probability/binomial.go:58.25,61.3 2 1
github.com/cyber-mountain-man/statistical-go/probability/binomial.go:62.2,62.24 1 1
github.com/cyber-mountain-man/statistical-go/probability/conditional.go:7.52,8.29 1 1
github.com/cyber-mountain-man/statistical-go/probability/conditional.go:8.29,10.3 1 1
github.com/cyber-mountain-man/statistical-go/probability/conditional.go:11.2,11.36 1 1
github.com/cyber-mountain-man/statistical-go/probability/conditional.go:11.36,13.3 1 1
github.com/cyber-mountain-man/statistical-go/probability/conditional.go:14.2,14.26 1 1
github.com/cyber-mountain-man/statistical-go/probability/exponential.go:6.48,7.26 1 1
github.com/cyber-mountain-man/statistical-go/probability/exponential.go:7.26,8.65 1 1
github.com/cyber-mountain-man/statistical-go/probability/exponential.go:10.2,10.37 1 1
github.com/cyber-mountain-man/statistical-go/probability/exponential.go:14.48,15.26 1 1
github.com/cyber-mountain-man/statistical-go/probability/exponential.go:15.26,16.65 1 1
github.com/cyber-mountain-man/statistical-go/probability/exponential.go:18.2,18.32 1 1
github.com/cyber-mountain-man/statistical-go/probability/normal.go:9.49,10.17 1 1
github.com/cyber-mountain-man/statistical-go/probability/normal.go:10.17,12.3 1 1
github.com/cyber-mountain-man/statistical-go/probability/normal.go:13.2,15.23 3 1
github.com/cyber-mountain-man/statistical-go/probability/normal.go:19.49,20.17 1 1
github.com/cyber-mountain-man/statistical-go/probability/normal.go:20.17,22.3 1 1
github.com/cyber-mountain-man/statistical-go/probability/normal.go:23.2,24.32 2 1
github.com/cyber-mountain-man/statistical-go/probability/poisson.go:9.48,10.26 1 1
github.com/cyber-mountain-man/statistical-go/probability/poisson.go:10.26,11.61 1 1
github.com/cyber-mountain-man/statistical-go/probability/poisson.go:13.2,13.81 1 1
github.com/cyber-mountain-man/statistical-go/probability/poisson.go:18.48,19.26 1 1
github.com/cyber-mountain-man/statistical-go/probability/poisson.go:19.26,20.61 1 1
github.com/cyber-mountain-man/statistical-go/probability/poisson.go:22.2,23.26 2 1
github.com/cyber-mountain-man/statistical-go/probability/poisson.go:23.26,25.3 1 1
github.com/cyber-mountain-man/statistical-go/probability/poisson.go:26.2,26.12 1 1
github.com/cyber-mountain-man/statistical-go/probability/poisson.go:30.31,31.11 1 1
github.com/cyber-mountain-man/statistical-go/probability/poisson.go:31.11,32.45 1 1
github.com/cyber-mountain-man/statistical-go/probability/poisson.go:34.2,35.26 2 1
github.com/cyber-mountain-man/statistical-go/probability/poisson.go:35.26,37.28 2 1
github.com/cyber-mountain-man/statistical-go/probability/poisson.go:37.28,38.49 1 1
github.com/cyber-mountain-man/statistical-go/probability/poisson.go:41.2,41.15 1 1
github.com/cyber-mountain-man/statistical-go/probability/uniform.go:5.42,6.12 1 1
github.com/cyber-mountain-man/statistical-go/probability/uniform.go:6.12,7.49 1 1
github.com/cyber-mountain-man/statistical-go/probability/uniform.go:9.2,9.20 1 1
github.com/cyber-mountain-man/statistical-go/probability/uniform.go:9.20,11.3 1 1
github.com/cyber-mountain-man/statistical-go/probability/uniform.go:12.2,12.22 1 1
github.com/cyber-mountain-man/statistical-go/probability/uniform.go:17.42,18.12 1 1
github.com/cyber-mountain-man/statistical-go/probability/uniform.go:18.12,19.49 1 1
github.com/cyber-mountain-man/statistical-go/probability/uniform.go:21.2,21.11 1 1
github.com/cyber-mountain-man/statistical-go/probability/uniform.go:21.11,23.3 1 1
github.com/cyber-mountain-man/statistical-go/probability/uniform.go:23.8,23.18 1 1
github.com/cyber-mountain-man/statistical-go/probability/uniform.go:23.18,25.3 1 1
github.com/cyber-mountain-man/statistical-go/probability/uniform.go:26.2,26.26 1 1
